<?xml version="1.0" encoding="UTF-8"?>
<!-- Generated by org.testng.reporters.JUnitXMLReporter -->
<testsuite ignored="4" hostname="LAPTOP-KSAB6OLR" failures="0" tests="15" name="Test" time="61.759" errors="0" timestamp="2025-12-27T20:03:40 IST">
  <testcase classname="testpkg.KanchiLoginTest" name="datadrivenmethod" time="21.71"/>
  <testcase classname="testpkg.KanchiLoginTest" name="login" time="1.428"/>
  <testcase classname="testpkg.ElementTest" name="title" time="0.059"/>
  <testcase classname="testpkg.ElementTest" name="eleshop" time="1.299"/>
  <testcase classname="testpkg.ElementTest" name="dropk" time="3.167"/>
  <testcase classname="testpkg.ElementTest" name="kcart" time="6.047"/>
  <testcase classname="testpkg.ElementTest" name="logo" time="0.141"/>
  <testcase classname="testpkg.CartTest" name="cart" time="0.411"/>
  <testcase classname="testpkg.CartTest" name="coupon" time="3.354"/>
  <testcase classname="testpkg.CartTest" name="checkout" time="2.451"/>
  <testcase classname="testpkg.CheckoutTest" name="entercoupon" time="0.272"/>
  <testcase classname="testpkg.CheckoutTest" name="coupon" time="3.186"/>
  <testcase classname="testpkg.CheckoutTest" name="bill" time="5.041"/>
  <testcase classname="testpkg.CheckoutTest" name="termsorder" time="0.578"/>
  <testcase classname="testpkg.PaymentTest" name="screenshot" time="3.848"/>
  <testcase classname="basepkg.BaseClass" name="@BeforeTest setup" time="0.0">
    <ignored/>
  </testcase> <!-- @BeforeTest setup -->
  <testcase classname="basepkg.BaseClass" name="@BeforeTest setup" time="0.0">
    <ignored/>
  </testcase> <!-- @BeforeTest setup -->
  <testcase classname="basepkg.BaseClass" name="@BeforeTest setup" time="0.0">
    <ignored/>
  </testcase> <!-- @BeforeTest setup -->
  <testcase classname="basepkg.BaseClass" name="@BeforeTest setup" time="0.0">
    <ignored/>
  </testcase> <!-- @BeforeTest setup -->
</testsuite> <!-- Test -->
