<?xml version="1.0" encoding="UTF-8"?>
<!-- Generated by org.testng.reporters.JUnitReportReporter -->
<testsuite hostname="LAPTOP-KSAB6OLR" failures="0" tests="3" name="testpkg.CartTest" time="6.229" errors="0" timestamp="2025-12-27T20:03:41 IST" skipped="0">
  <testcase classname="testpkg.CartTest" name="cart" time="0.413"/>
  <testcase classname="testpkg.CartTest" name="coupon" time="3.361"/>
  <testcase classname="testpkg.CartTest" name="checkout" time="2.455"/>
</testsuite> <!-- testpkg.CartTest -->
