<?xml version="1.0" encoding="UTF-8"?>
<!-- Generated by org.testng.reporters.JUnitReportReporter -->
<testsuite hostname="LAPTOP-KSAB6OLR" failures="0" tests="5" name="testpkg.ElementTest" time="10.760" errors="0" timestamp="2025-12-27T20:03:41 IST" skipped="0">
  <testcase classname="testpkg.ElementTest" name="title" time="0.067"/>
  <testcase classname="testpkg.ElementTest" name="eleshop" time="1.301"/>
  <testcase classname="testpkg.ElementTest" name="dropk" time="3.170"/>
  <testcase classname="testpkg.ElementTest" name="kcart" time="6.069"/>
  <testcase classname="testpkg.ElementTest" name="logo" time="0.153"/>
</testsuite> <!-- testpkg.ElementTest -->
