<?xml version="1.0" encoding="UTF-8"?>
<!-- Generated by org.testng.reporters.JUnitReportReporter -->
<testsuite hostname="LAPTOP-KSAB6OLR" failures="0" tests="4" name="testpkg.CheckoutTest" time="9.109" errors="0" timestamp="2025-12-27T20:03:41 IST" skipped="0">
  <testcase classname="testpkg.CheckoutTest" name="entercoupon" time="0.284"/>
  <testcase classname="testpkg.CheckoutTest" name="coupon" time="3.196"/>
  <testcase classname="testpkg.CheckoutTest" name="bill" time="5.043"/>
  <testcase classname="testpkg.CheckoutTest" name="termsorder" time="0.586"/>
</testsuite> <!-- testpkg.CheckoutTest -->
